<?xml version="1.0" encoding="UTF-8"?>
<testsuite xmlns:xsi="http://www.w3.org/2001/XMLSchema-instance" xsi:noNamespaceSchemaLocation="https://maven.apache.org/surefire/maven-surefire-plugin/xsd/surefire-test-report.xsd" version="3.0.2" name="com.codewithme.backend.BackendApplicationTests" time="1.996" tests="1" errors="0" skipped="0" failures="0">
  <properties>
[...]
</properties>
  <testcase name="contextLoads" classname="com.codewithme.backend.BackendApplicationTests" time="0.301">
    <system-out><![CDATA[18:11:13.859 [main] INFO org.springframework.test.context.support.AnnotationConfigContextLoaderUtils -- Could not detect default configuration classes for test class [com.codewithme.backend.BackendApplicationTests]: BackendApplicationTests does not declare any static, non-private, non-final, nested classes annotated with @Configuration.
18:11:13.909 [main] INFO org.springframework.boot.test.context.SpringBootTestContextBootstrapper -- Found @SpringBootConfiguration com.codewithme.backend.BackendApplication for test class com.codewithme.backend.BackendApplicationTests

  .   ____          _            __ _ _
 /\\ / ___'_ __ _ _(_)_ __  __ _ \ \ \ \
( ( )\___ | '_ | '_| | '_ \/ _` | \ \ \ \
 \\/  ___)| |_)| | | | | || (_| |  ) ) ) )
  '  |____| .__|_| |_|_| |_\__, | / / / /
 =========|_|==============|___/=/_/_/_/

 :: Spring Boot ::                (v3.4.5)

2025-05-19T18:11:14.099+01:00  INFO 32663 --- [           main] c.c.backend.BackendApplicationTests      : Starting BackendApplicationTests using Java 21.0.6 with PID 32663 (started by charafeddineelhmamouchi in /Users/charafeddineelhmamouchi/development-platform-jihane/backend)
2025-05-19T18:11:14.099+01:00 DEBUG 32663 --- [           main] c.c.backend.BackendApplicationTests      : Running with Spring Boot v3.4.5, Spring v6.2.6
2025-05-19T18:11:14.100+01:00  INFO 32663 --- [           main] c.c.backend.BackendApplicationTests      : No active profile set, falling back to 1 default profile: "default"
2025-05-19T18:11:14.338+01:00  INFO 32663 --- [           main] .s.d.r.c.RepositoryConfigurationDelegate : Bootstrapping Spring Data JPA repositories in DEFAULT mode.
2025-05-19T18:11:14.357+01:00  INFO 32663 --- [           main] .s.d.r.c.RepositoryConfigurationDelegate : Finished Spring Data repository scanning in 15 ms. Found 1 JPA repository interface.
2025-05-19T18:11:14.709+01:00  INFO 32663 --- [           main] o.s.o.j.p.SpringPersistenceUnitInfo      : No LoadTimeWeaver setup: ignoring JPA class transformer
2025-05-19T18:11:14.722+01:00  INFO 32663 --- [           main] com.zaxxer.hikari.HikariDataSource       : HikariPool-1 - Starting...
2025-05-19T18:11:14.779+01:00  INFO 32663 --- [           main] com.zaxxer.hikari.pool.HikariPool        : HikariPool-1 - Added connection org.postgresql.jdbc.PgConnection@30d5e37c
2025-05-19T18:11:14.780+01:00  INFO 32663 --- [           main] com.zaxxer.hikari.HikariDataSource       : HikariPool-1 - Start completed.
2025-05-19T18:11:15.126+01:00  INFO 32663 --- [           main] j.LocalContainerEntityManagerFactoryBean : Initialized JPA EntityManagerFactory for persistence unit 'default'
2025-05-19T18:11:15.137+01:00  INFO 32663 --- [           main] c.c.b.Controller.SpaceDataController     : SpaceDataController initialized
2025-05-19T18:11:15.267+01:00  WARN 32663 --- [           main] JpaBaseConfiguration$JpaWebConfiguration : spring.jpa.open-in-view is enabled by default. Therefore, database queries may be performed during view rendering. Explicitly configure spring.jpa.open-in-view to disable this warning
2025-05-19T18:11:15.275+01:00  INFO 32663 --- [           main] r$InitializeUserDetailsManagerConfigurer : Global AuthenticationManager configured with UserDetailsService bean with name userDetailsServiceImplSSI
2025-05-19T18:11:15.492+01:00  INFO 32663 --- [           main] c.c.backend.BackendApplicationTests      : Started BackendApplicationTests in 1.495 seconds (process running for 1.915)
]]></system-out>
    <system-err><![CDATA[Mockito is currently self-attaching to enable the inline-mock-maker. This will no longer work in future releases of the JDK. Please add Mockito as an agent to your build what is described in Mockito's documentation: https://javadoc.io/doc/org.mockito/mockito-core/latest/org/mockito/Mockito.html#0.3
WARNING: A Java agent has been loaded dynamically (/Users/charafeddineelhmamouchi/.m2/repository/net/bytebuddy/byte-buddy-agent/1.15.11/byte-buddy-agent-1.15.11.jar)
WARNING: If a serviceability tool is in use, please run with -XX:+EnableDynamicAgentLoading to hide this warning
WARNING: If a serviceability tool is not in use, please run with -Djdk.instrument.traceUsage for more information
WARNING: Dynamic loading of agents will be disallowed by default in a future release
]]></system-err>
  </testcase>
</testsuite>